[INFO ] 2020-10-25 03:02:43.758 TestBase:78 - Application Started
[INFO ] 2020-10-25 03:02:44.983 CommonInitialization:45 - Photo Permission Given
[INFO ] 2020-10-25 03:02:47.738 CommonInitialization:48 - right movemnet done
[INFO ] 2020-10-25 03:02:48.232 CommonInitialization:53 - LETS GET STARTED CLICKED
[INFO ] 2020-10-25 03:02:49.720 CommonInitialization:58 - outer login button CLICKED
[INFO ] 2020-10-25 03:02:51.637 LoginPage:49 - user name entered
[INFO ] 2020-10-25 03:02:52.790 LoginPage:54 - password entered
[INFO ] 2020-10-25 03:02:53.690 LoginPage:59 - main login button clicked
[INFO ] 2020-10-25 03:02:57.782 Services:18 - Location_Allow
[INFO ] 2020-10-25 03:02:58.887 Services:28 - clicked on view services
[INFO ] 2020-10-25 03:03:02.955 MetaCategories:27 - Treatment Tab Clicked
[INFO ] 2020-10-25 03:03:04.892 TreatmentSubcategory:32 - GERM_SHIELD_VIEW_ORDER button clicked
[INFO ] 2020-10-25 03:03:07.882 CommonSubCategorydPage:41 - NewRequest Tab Clicked
[INFO ] 2020-10-25 03:03:10.268 CommonNewRequestPage:27 - AcceptMark Clicked
[INFO ] 2020-10-25 03:03:10.500 CommonNewRequestPage:32 - Order_Accepted
[INFO ] 2020-10-25 03:03:16.279 CommonSubCategorydPage:30 - Search_Button Clicked
[INFO ] 2020-10-25 03:03:17.264 CommonSubCategorydPage:35 - order id searched
[INFO ] 2020-10-25 03:03:19.013 CommonPendingTreatmentPage:36 - Start_For_Location Clicked
[INFO ] 2020-10-25 03:03:19.229 CommonPendingTreatmentPage:41 - Ready_to_start yes Clicked
[INFO ] 2020-10-25 03:03:23.006 CommonPendingTreatmentPage:46 - Reached_Location Clicked
[INFO ] 2020-10-25 03:03:23.218 CommonPendingTreatmentPage:51 - FinishTripPopup yes Clicked
[INFO ] 2020-10-25 03:03:25.193 CommonPendingTreatmentPage:56 - Start_Service Clicked
[INFO ] 2020-10-25 03:03:25.412 CommonPendingTreatmentPage:62 - otpchecking
[INFO ] 2020-10-25 03:03:27.194 CommonPendingTreatmentPage:71 - ConfirmServicePopup yes Clicked
[INFO ] 2020-10-25 03:03:27.578 SelectServiceModulePage:32 - ElevatorBrief Clicked
[INFO ] 2020-10-25 03:03:27.590 ElevatorBriefAiml:36 - check
[INFO ] 2020-10-25 03:03:29.365 ElevatorBriefAiml:25 - Skip_Step Clicked
[INFO ] 2020-10-25 03:03:30.249 ElevatorBriefAiml:32 - Skip_Cpacity_Step Clicked
[INFO ] 2020-10-25 03:03:32.642 ElevatorBrief:37 - Elevator_Make entered
[INFO ] 2020-10-25 03:03:33.424 ElevatorBrief:42 - Elevator_Capacity entered
[INFO ] 2020-10-25 03:03:34.167 ElevatorBrief:47 - RadioBtnPrePostCheckbox selected
[INFO ] 2020-10-25 03:03:42.405 ElevatorBrief:54 - up movemnet done
[INFO ] 2020-10-25 03:03:43.882 ElevatorBrief:59 - FloorCount entered
[INFO ] 2020-10-25 03:03:47.385 ElevatorBrief:66 - SprayerType selected
[INFO ] 2020-10-25 03:03:49.571 ElevatorBrief:72 - SATPMeter selected
[INFO ] 2020-10-25 03:04:03.639 ElevatorBrief:84 - eElevatorPic taken
[INFO ] 2020-10-25 03:04:03.952 ElevatorBrief:89 - Details SUbmitted
[INFO ] 2020-10-25 03:04:06.461 SelectServiceModulePage:39 - BeforeTreatmentPage Clicked
[INFO ] 2020-10-25 03:04:07.760 SelectServiceModulePage:39 - BeforeTreatmentPage Clicked
[INFO ] 2020-10-25 03:04:12.955 BeforeTreatmentPage:34 - BeforeTreatmentPhotos taken
[INFO ] 2020-10-25 03:04:16.604 BeforeTreatmentPage:39 - TreatmentAreaName entered
[INFO ] 2020-10-25 03:04:18.132 BeforeTreatmentPage:44 - InitialReading entered
[INFO ] 2020-10-25 03:04:18.874 BeforeTreatmentPage:49 - FinishBtn clicked
[INFO ] 2020-10-25 03:04:20.036 SelectServiceModulePage:45 - TreatmentDurationPage Clicked
[INFO ] 2020-10-25 03:04:21.777 TreatmentDurationPage:25 - Timer Started
[INFO ] 2020-10-25 03:04:27.026 TreatmentDurationPage:28 - Timer Ended
[INFO ] 2020-10-25 03:04:29.060 SelectServiceModulePage:50 - PostTreatmentPage Clicked
[INFO ] 2020-10-25 03:04:37.098 PostTreatmentPage:32 - PostTreatmentPhotos taken
[INFO ] 2020-10-25 03:04:39.966 PostTreatmentPage:38 - FinalReading entered
[INFO ] 2020-10-25 03:04:40.724 PostTreatmentPage:43 - FinishBtn clicked
[INFO ] 2020-10-25 03:04:41.679 SelectServiceModulePage:55 - FinishBtn Clicked
[INFO ] 2020-10-25 03:04:47.040 CommonCompletedTreatmentPage:25 - GenerateReport Clicked
[INFO ] 2020-10-25 03:04:47.041 CommonCompletedTreatmentPage:26 - Report Generation in progress
