[INFO ] 2020-10-29 21:33:13.745 TestBase:84 - Application Started
[INFO ] 2020-10-29 21:33:21.959 EcoAdminLogin:21 - user name entered
[INFO ] 2020-10-29 21:33:22.330 EcoAdminLogin:26 - password entered
[INFO ] 2020-10-29 21:33:25.036 EcoAdminLogin:31 - main login button clicked
[INFO ] 2020-10-29 21:33:25.109 Welcomepage:21 - successful login
[INFO ] 2020-10-29 21:33:29.630 Welcomepage:32 - OrderManagement button clicked
[INFO ] 2020-10-29 21:33:30.736 OrderManagementPage:26 - RaiseNewRequest button clicked
[INFO ] 2020-10-29 21:33:31.206 NewRequestPage:51 - Vendor selcted
[INFO ] 2020-10-29 21:33:31.480 NewRequestPage:56 - customername entered
[INFO ] 2020-10-29 21:33:31.802 NewRequestPage:61 - customer address entered
[INFO ] 2020-10-29 21:33:32.081 NewRequestPage:66 - customer Pincode entered
[INFO ] 2020-10-29 21:33:32.337 NewRequestPage:71 - customer phone entered
[INFO ] 2020-10-29 21:33:32.626 NewRequestPage:76 - customer email entered
[INFO ] 2020-10-29 21:33:32.895 NewRequestPage:81 - Service selcted
[INFO ] 2020-10-29 21:33:32.915 NewRequestPage:83 - Pagescroll done
[INFO ] 2020-10-29 21:33:38.145 NewRequestPage:88 - Vehicle selcted
[INFO ] 2020-10-29 21:33:38.461 NewRequestPage:94 - SubCategory selcted
[INFO ] 2020-10-29 21:33:38.666 NewRequestPage:99 - RportType selcted
[INFO ] 2020-10-29 21:33:38.881 NewRequestPage:104 - CoverageAreaOrCapacity entered
[INFO ] 2020-10-29 21:33:39.127 NewRequestPage:109 - SwabTest selcted
[INFO ] 2020-10-29 21:33:39.321 NewRequestPage:114 - SwabCount entered
[INFO ] 2020-10-29 21:33:39.331 NewRequestPage:119 - Pagescroll done
[INFO ] 2020-10-29 21:33:39.889 NewRequestPage:127 - selectTimeslot1 selcted
[INFO ] 2020-10-29 21:33:40.345 NewRequestPage:138 - selectTimeslot2 selcted
[INFO ] 2020-10-29 21:33:44.102 NewRequestPage:146 - Submit button clicked
[INFO ] 2020-10-29 21:33:48.347 OrderManagementPage:33 - dropdown visible
[INFO ] 2020-10-29 21:34:00.125 OrderManagementPage:36 - Technician id filled
[INFO ] 2020-10-29 21:34:05.087 OrderManagementPage:39 - technician assigned
