[INFO ] 2021-02-11 12:03:59.318 TestBase:84 - Application Started
[INFO ] 2021-02-11 12:04:12.799 EcoAdminLogin:21 - user name entered
[INFO ] 2021-02-11 12:04:13.059 EcoAdminLogin:26 - password entered
[INFO ] 2021-02-11 12:04:21.130 EcoAdminLogin:31 - main login button clicked
[INFO ] 2021-02-11 12:04:21.210 Welcomepage:21 - successful login
[INFO ] 2021-02-11 12:05:21.901 TestBase:84 - Application Started
[INFO ] 2021-02-11 12:05:31.745 EcoAdminLogin:21 - user name entered
[INFO ] 2021-02-11 12:05:32.015 EcoAdminLogin:26 - password entered
[INFO ] 2021-02-11 12:05:38.675 EcoAdminLogin:31 - main login button clicked
[INFO ] 2021-02-11 12:05:38.757 Welcomepage:21 - successful login
[INFO ] 2021-02-11 12:12:24.218 TestBase:84 - Application Started
[INFO ] 2021-02-11 12:12:31.797 EcoAdminLogin:21 - user name entered
[INFO ] 2021-02-11 12:12:32.089 EcoAdminLogin:26 - password entered
[INFO ] 2021-02-11 12:12:41.591 EcoAdminLogin:31 - main login button clicked
[INFO ] 2021-02-11 12:12:41.679 Welcomepage:21 - successful login
[INFO ] 2021-02-11 12:17:10.495 TestBase:84 - Application Started
[INFO ] 2021-02-11 12:17:15.687 EcoAdminLogin:21 - user name entered
[INFO ] 2021-02-11 12:17:15.984 EcoAdminLogin:26 - password entered
[INFO ] 2021-02-11 12:17:22.630 EcoAdminLogin:31 - main login button clicked
[INFO ] 2021-02-11 12:17:22.717 Welcomepage:21 - successful login
[INFO ] 2021-02-11 12:17:29.481 Welcomepage:32 - OrderManagement button clicked
[INFO ] 2021-02-11 12:17:31.045 OrderManagementPage:26 - RaiseNewRequest button clicked
[INFO ] 2021-02-11 12:17:31.483 NewRequestPage:51 - Vendor selcted
[INFO ] 2021-02-11 12:17:31.768 NewRequestPage:56 - customername entered
[INFO ] 2021-02-11 12:17:32.072 NewRequestPage:61 - customer address entered
[INFO ] 2021-02-11 12:17:32.338 NewRequestPage:66 - customer Pincode entered
[INFO ] 2021-02-11 12:17:32.612 NewRequestPage:71 - customer phone entered
[INFO ] 2021-02-11 12:17:32.961 NewRequestPage:76 - customer email entered
[INFO ] 2021-02-11 12:17:33.273 NewRequestPage:81 - Service selcted
[INFO ] 2021-02-11 12:17:33.291 NewRequestPage:83 - Pagescroll done
[INFO ] 2021-02-11 12:17:38.614 NewRequestPage:88 - Vehicle selcted
[INFO ] 2021-02-11 12:17:39.275 NewRequestPage:94 - SubCategory selcted
[INFO ] 2021-02-11 12:17:39.508 NewRequestPage:99 - RportType selcted
[INFO ] 2021-02-11 12:17:39.758 NewRequestPage:104 - CoverageAreaOrCapacity entered
[INFO ] 2021-02-11 12:17:40.054 NewRequestPage:109 - SwabTest selcted
[INFO ] 2021-02-11 12:17:40.294 NewRequestPage:114 - SwabCount entered
[INFO ] 2021-02-11 12:17:40.316 NewRequestPage:119 - Pagescroll done
[INFO ] 2021-02-11 18:38:14.299 TestBase:84 - Application Started
[INFO ] 2021-02-11 18:38:27.024 EcoAdminLogin:21 - user name entered
[INFO ] 2021-02-11 18:38:27.274 EcoAdminLogin:26 - password entered
[INFO ] 2021-02-11 18:38:34.190 EcoAdminLogin:31 - main login button clicked
[INFO ] 2021-02-11 18:38:34.275 Welcomepage:21 - successful login
[INFO ] 2021-02-11 18:38:39.712 Welcomepage:32 - OrderManagement button clicked
[INFO ] 2021-02-11 18:38:40.687 OrderManagementPage:26 - RaiseNewRequest button clicked
[INFO ] 2021-02-11 18:38:41.092 NewRequestPage:51 - Vendor selcted
[INFO ] 2021-02-11 18:38:41.350 NewRequestPage:56 - customername entered
[INFO ] 2021-02-11 18:38:41.611 NewRequestPage:61 - customer address entered
[INFO ] 2021-02-11 18:38:41.815 NewRequestPage:66 - customer Pincode entered
[INFO ] 2021-02-11 18:38:42.063 NewRequestPage:71 - customer phone entered
[INFO ] 2021-02-11 18:38:42.360 NewRequestPage:76 - customer email entered
[INFO ] 2021-02-11 18:38:42.622 NewRequestPage:81 - Service selcted
[INFO ] 2021-02-11 18:38:42.636 NewRequestPage:83 - Pagescroll done
[INFO ] 2021-02-11 18:38:47.923 NewRequestPage:88 - Vehicle selcted
[INFO ] 2021-02-11 18:38:48.392 NewRequestPage:94 - SubCategory selcted
[INFO ] 2021-02-11 18:38:48.590 NewRequestPage:99 - RportType selcted
[INFO ] 2021-02-11 18:38:48.802 NewRequestPage:104 - CoverageAreaOrCapacity entered
[INFO ] 2021-02-11 18:38:49.066 NewRequestPage:109 - SwabTest selcted
[INFO ] 2021-02-11 18:38:49.262 NewRequestPage:114 - SwabCount entered
[INFO ] 2021-02-11 18:38:49.288 NewRequestPage:119 - Pagescroll done
[INFO ] 2021-02-11 18:38:49.798 NewRequestPage:127 - selectTimeslot1 selcted
[INFO ] 2021-02-11 18:38:50.302 NewRequestPage:138 - selectTimeslot2 selcted
[INFO ] 2021-02-11 18:38:55.962 NewRequestPage:146 - Submit button clicked
[INFO ] 2021-02-11 18:39:00.450 OrderManagementPage:33 - dropdown visible
[INFO ] 2021-02-11 18:39:12.359 OrderManagementPage:36 - Technician id filled
[INFO ] 2021-02-11 18:39:18.543 OrderManagementPage:39 - technician assigned
[INFO ] 2021-02-11 18:46:47.486 TestBase:84 - Application Started
[INFO ] 2021-02-11 18:50:14.755 TestBase:84 - Application Started
[INFO ] 2021-02-11 18:51:45.677 TestBase:84 - Application Started
[INFO ] 2021-02-11 18:54:05.364 TestBase:84 - Application Started
[INFO ] 2021-02-11 19:03:01.059 TestBase:84 - Application Started
[INFO ] 2021-02-11 19:10:39.188 TestBase:84 - Application Started
[INFO ] 2021-02-11 19:20:37.199 TestBase:84 - Application Started
[INFO ] 2021-02-11 19:22:54.162 TestBase:84 - Application Started
[INFO ] 2021-02-11 19:25:18.501 TestBase:84 - Application Started
[INFO ] 2021-02-11 19:30:20.902 TestBase:84 - Application Started
[INFO ] 2021-02-11 19:41:02.108 TestBase:84 - Application Started
[INFO ] 2021-02-11 19:48:59.995 TestBase:84 - Application Started
[INFO ] 2021-02-11 22:14:26.486 TestBase:84 - Application Started
[INFO ] 2021-02-11 22:15:54.663 TestBase:84 - Application Started
[INFO ] 2021-02-11 22:21:47.301 TestBase:84 - Application Started
[INFO ] 2021-02-11 22:25:59.485 TestBase:84 - Application Started
[INFO ] 2021-02-11 22:46:56.824 TestBase:84 - Application Started
[INFO ] 2021-02-11 22:49:03.961 TestBase:84 - Application Started
[INFO ] 2021-02-11 22:51:09.209 TestBase:84 - Application Started
[INFO ] 2021-02-11 22:52:03.729 TestBase:84 - Application Started
[INFO ] 2021-02-11 22:52:57.416 TestBase:84 - Application Started
[INFO ] 2021-02-11 22:55:04.433 TestBase:84 - Application Started
[INFO ] 2021-02-11 23:04:07.680 TestBase:84 - Application Started
[INFO ] 2021-02-11 23:05:36.334 TestBase:84 - Application Started
[INFO ] 2021-02-11 23:09:07.783 TestBase:84 - Application Started
[INFO ] 2021-02-11 23:12:34.860 TestBase:84 - Application Started
[INFO ] 2021-02-11 23:16:58.230 TestBase:84 - Application Started
[INFO ] 2021-02-11 23:18:20.861 TestBase:85 - Application Started
[INFO ] 2021-02-11 23:20:28.840 TestBase:87 - Application Started
[INFO ] 2021-02-11 23:22:52.527 TestBase:83 - Application Started
[INFO ] 2021-02-11 23:22:57.871 EcoAdminLogin:21 - user name entered
[INFO ] 2021-02-11 23:22:58.079 EcoAdminLogin:26 - password entered
[INFO ] 2021-02-11 23:23:04.690 EcoAdminLogin:31 - main login button clicked
[INFO ] 2021-02-11 23:23:04.794 Welcomepage:21 - successful login
[INFO ] 2021-02-11 23:23:09.949 Welcomepage:32 - OrderManagement button clicked
[INFO ] 2021-02-11 23:23:10.827 OrderManagementPage:26 - RaiseNewRequest button clicked
[INFO ] 2021-02-11 23:23:11.191 NewRequestPage:51 - Vendor selcted
[INFO ] 2021-02-11 23:23:11.412 NewRequestPage:56 - customername entered
[INFO ] 2021-02-11 23:23:11.652 NewRequestPage:61 - customer address entered
[INFO ] 2021-02-11 23:23:11.899 NewRequestPage:66 - customer Pincode entered
[INFO ] 2021-02-11 23:23:12.116 NewRequestPage:71 - customer phone entered
[INFO ] 2021-02-11 23:23:12.375 NewRequestPage:76 - customer email entered
[INFO ] 2021-02-11 23:23:12.637 NewRequestPage:81 - Service selcted
[INFO ] 2021-02-11 23:23:12.647 NewRequestPage:83 - Pagescroll done
[INFO ] 2021-02-11 23:23:17.948 NewRequestPage:88 - Vehicle selcted
[INFO ] 2021-02-11 23:23:18.385 NewRequestPage:94 - SubCategory selcted
[INFO ] 2021-02-11 23:23:18.661 NewRequestPage:99 - RportType selcted
[INFO ] 2021-02-11 23:23:18.981 NewRequestPage:104 - CoverageAreaOrCapacity entered
[INFO ] 2021-02-11 23:23:19.292 NewRequestPage:109 - SwabTest selcted
[INFO ] 2021-02-11 23:23:19.580 NewRequestPage:114 - SwabCount entered
[INFO ] 2021-02-11 23:23:19.606 NewRequestPage:119 - Pagescroll done
[INFO ] 2021-02-11 23:23:20.117 NewRequestPage:127 - selectTimeslot1 selcted
[INFO ] 2021-02-11 23:23:20.725 NewRequestPage:138 - selectTimeslot2 selcted
[INFO ] 2021-02-11 23:23:26.100 NewRequestPage:146 - Submit button clicked
[INFO ] 2021-02-11 23:23:30.686 OrderManagementPage:33 - dropdown visible
[INFO ] 2021-02-11 23:23:42.964 OrderManagementPage:36 - Technician id filled
[INFO ] 2021-02-11 23:23:49.098 OrderManagementPage:39 - technician assigned
[INFO ] 2021-02-11 23:30:02.789 TestBase:83 - Application Started
[INFO ] 2021-02-11 23:30:27.726 CommonInitialization:42 - Photo Permission Given
[INFO ] 2021-02-11 23:30:31.191 CommonInitialization:45 - right movemnet done
[INFO ] 2021-02-11 23:30:32.501 CommonInitialization:50 - LETS GET STARTED CLICKED
[INFO ] 2021-02-11 23:33:05.848 TestBase:83 - Application Started
[INFO ] 2021-02-11 23:33:23.166 CommonInitialization:42 - Photo Permission Given
[INFO ] 2021-02-11 23:33:26.563 CommonInitialization:45 - right movemnet done
[INFO ] 2021-02-11 23:33:27.939 CommonInitialization:50 - LETS GET STARTED CLICKED
[INFO ] 2021-02-11 23:33:30.157 CommonInitialization:55 - outer login button CLICKED
[INFO ] 2021-02-11 23:33:32.661 LoginPage:49 - user name entered
[INFO ] 2021-02-11 23:33:34.091 LoginPage:54 - password entered
[INFO ] 2021-02-11 23:33:37.696 LoginPage:59 - main login button clicked
[INFO ] 2021-02-11 23:33:40.881 Services:16 - Location_Allow
[INFO ] 2021-02-11 23:34:48.239 TestBase:83 - Application Started
[INFO ] 2021-02-11 23:35:05.465 CommonInitialization:42 - Photo Permission Given
[INFO ] 2021-02-11 23:35:08.527 CommonInitialization:45 - right movemnet done
[INFO ] 2021-02-11 23:35:09.230 CommonInitialization:50 - LETS GET STARTED CLICKED
[INFO ] 2021-02-11 23:35:10.824 CommonInitialization:55 - outer login button CLICKED
[INFO ] 2021-02-11 23:46:56.881 TestBase:80 - Application Started
[INFO ] 2021-02-11 23:49:02.760 TestBase:80 - Application Started
[INFO ] 2021-02-11 23:49:26.963 CommonInitialization:42 - Photo Permission Given
[INFO ] 2021-02-11 23:49:30.527 CommonInitialization:45 - right movemnet done
[INFO ] 2021-02-11 23:49:31.101 CommonInitialization:50 - LETS GET STARTED CLICKED
[INFO ] 2021-02-11 23:49:33.297 CommonInitialization:55 - outer login button CLICKED
[INFO ] 2021-02-11 23:49:35.110 LoginPage:49 - user name entered
[INFO ] 2021-02-11 23:49:36.981 LoginPage:54 - password entered
[INFO ] 2021-02-11 23:49:38.057 LoginPage:59 - main login button clicked
