[INFO ] 2020-11-17 14:22:42.455 TestBase:84 - Application Started
[INFO ] 2020-11-17 14:22:58.142 EcoAdminLogin:21 - user name entered
[INFO ] 2020-11-17 14:22:58.397 EcoAdminLogin:26 - password entered
[INFO ] 2020-11-17 14:22:59.004 EcoAdminLogin:31 - main login button clicked
[INFO ] 2020-11-17 14:23:01.710 Welcomepage:24 - no login
[INFO ] 2020-11-17 14:24:03.905 TestBase:84 - Application Started
[INFO ] 2020-11-17 14:24:46.667 TestBase:84 - Application Started
[INFO ] 2020-11-17 14:24:59.821 EcoAdminLogin:21 - user name entered
[INFO ] 2020-11-17 14:25:00.105 EcoAdminLogin:26 - password entered
[INFO ] 2020-11-17 14:25:06.741 EcoAdminLogin:31 - main login button clicked
[INFO ] 2020-11-17 14:25:06.798 Welcomepage:21 - successful login
[INFO ] 2020-11-17 14:25:10.505 Welcomepage:32 - OrderManagement button clicked
[INFO ] 2020-11-17 14:25:11.413 OrderManagementPage:26 - RaiseNewRequest button clicked
[INFO ] 2020-11-17 14:25:11.721 NewRequestPage:51 - Vendor selcted
[INFO ] 2020-11-17 14:25:11.947 NewRequestPage:56 - customername entered
[INFO ] 2020-11-17 14:25:12.163 NewRequestPage:61 - customer address entered
[INFO ] 2020-11-17 14:25:12.354 NewRequestPage:66 - customer Pincode entered
[INFO ] 2020-11-17 14:25:12.551 NewRequestPage:71 - customer phone entered
[INFO ] 2020-11-17 14:25:12.794 NewRequestPage:76 - customer email entered
[INFO ] 2020-11-17 14:25:13.072 NewRequestPage:81 - Service selcted
[INFO ] 2020-11-17 14:25:13.098 NewRequestPage:83 - Pagescroll done
[INFO ] 2020-11-17 14:25:18.351 NewRequestPage:88 - Vehicle selcted
[INFO ] 2020-11-17 14:25:18.893 NewRequestPage:94 - SubCategory selcted
[INFO ] 2020-11-17 14:25:19.081 NewRequestPage:99 - RportType selcted
[INFO ] 2020-11-17 14:25:19.253 NewRequestPage:104 - CoverageAreaOrCapacity entered
[INFO ] 2020-11-17 14:25:19.495 NewRequestPage:109 - SwabTest selcted
[INFO ] 2020-11-17 14:25:19.681 NewRequestPage:114 - SwabCount entered
[INFO ] 2020-11-17 14:25:19.696 NewRequestPage:119 - Pagescroll done
[INFO ] 2020-11-17 14:25:20.192 NewRequestPage:127 - selectTimeslot1 selcted
[INFO ] 2020-11-17 14:25:20.634 NewRequestPage:138 - selectTimeslot2 selcted
[INFO ] 2020-11-17 14:25:24.893 NewRequestPage:146 - Submit button clicked
[INFO ] 2020-11-17 14:25:28.924 OrderManagementPage:33 - dropdown visible
[INFO ] 2020-11-17 14:25:40.538 OrderManagementPage:36 - Technician id filled
[INFO ] 2020-11-17 14:25:44.833 OrderManagementPage:39 - technician assigned
