[INFO ] 2021-02-12 00:09:05.787 EcoAdminLogin:22 - user name entered
[INFO ] 2021-02-12 00:09:06.036 EcoAdminLogin:27 - password entered
[INFO ] 2021-02-12 00:09:15.543 EcoAdminLogin:32 - main login button clicked
[INFO ] 2021-02-12 00:09:15.695 Welcomepage:21 - successful login
[INFO ] 2021-02-12 00:09:22.048 Welcomepage:32 - OrderManagement button clicked
[INFO ] 2021-02-12 00:09:22.321 OrderManagementPage:26 - RaiseNewRequest button clicked
[INFO ] 2021-02-12 00:11:35.262 EcoAdminLogin:22 - user name entered
[INFO ] 2021-02-12 00:11:35.490 EcoAdminLogin:27 - password entered
[INFO ] 2021-02-12 00:11:41.989 EcoAdminLogin:32 - main login button clicked
[INFO ] 2021-02-12 00:11:42.061 Welcomepage:21 - successful login
[INFO ] 2021-02-12 00:11:47.077 Welcomepage:32 - OrderManagement button clicked
[INFO ] 2021-02-12 00:11:47.939 OrderManagementPage:26 - RaiseNewRequest button clicked
[INFO ] 2021-02-12 00:11:48.201 NewRequestPage:51 - Vendor selcted
[INFO ] 2021-02-12 00:11:48.411 NewRequestPage:56 - customername entered
[INFO ] 2021-02-12 00:11:48.635 NewRequestPage:61 - customer address entered
[INFO ] 2021-02-12 00:11:48.900 NewRequestPage:66 - customer Pincode entered
[INFO ] 2021-02-12 00:11:49.116 NewRequestPage:71 - customer phone entered
[INFO ] 2021-02-12 00:11:49.381 NewRequestPage:76 - customer email entered
[INFO ] 2021-02-12 00:11:49.659 NewRequestPage:81 - Service selcted
[INFO ] 2021-02-12 00:11:49.685 NewRequestPage:83 - Pagescroll done
[INFO ] 2021-02-12 00:11:55.142 NewRequestPage:88 - Vehicle selcted
[INFO ] 2021-02-12 00:11:55.825 NewRequestPage:94 - SubCategory selcted
[INFO ] 2021-02-12 00:11:56.009 NewRequestPage:99 - RportType selcted
[INFO ] 2021-02-12 00:11:56.390 NewRequestPage:104 - CoverageAreaOrCapacity entered
[INFO ] 2021-02-12 00:11:56.839 NewRequestPage:109 - SwabTest selcted
[INFO ] 2021-02-12 00:11:57.133 NewRequestPage:114 - SwabCount entered
[INFO ] 2021-02-12 00:11:57.156 NewRequestPage:119 - Pagescroll done
[INFO ] 2021-02-12 00:11:57.677 NewRequestPage:127 - selectTimeslot1 selcted
[INFO ] 2021-02-12 00:11:58.272 NewRequestPage:138 - selectTimeslot2 selcted
[INFO ] 2021-02-12 00:12:04.534 NewRequestPage:146 - Submit button clicked
[INFO ] 2021-02-12 00:12:09.661 OrderManagementPage:33 - dropdown visible
[INFO ] 2021-02-12 00:12:21.437 OrderManagementPage:36 - Technician id filled
[INFO ] 2021-02-12 00:12:27.386 OrderManagementPage:39 - technician assigned
[INFO ] 2021-02-12 00:13:30.550 TestBase:80 - Application Started
[INFO ] 2021-02-12 00:13:35.050 EcoAdminLogin:22 - user name entered
[INFO ] 2021-02-12 00:13:35.272 EcoAdminLogin:27 - password entered
[INFO ] 2021-02-12 00:13:42.497 EcoAdminLogin:32 - main login button clicked
[INFO ] 2021-02-12 00:13:42.563 Welcomepage:21 - successful login
[INFO ] 2021-02-12 00:13:47.722 Welcomepage:32 - OrderManagement button clicked
[INFO ] 2021-02-12 00:13:48.671 OrderManagementPage:26 - RaiseNewRequest button clicked
[INFO ] 2021-02-12 00:13:48.937 NewRequestPage:51 - Vendor selcted
[INFO ] 2021-02-12 00:13:49.159 NewRequestPage:56 - customername entered
[INFO ] 2021-02-12 00:13:49.376 NewRequestPage:61 - customer address entered
[INFO ] 2021-02-12 00:13:49.580 NewRequestPage:66 - customer Pincode entered
[INFO ] 2021-02-12 00:13:49.809 NewRequestPage:71 - customer phone entered
[INFO ] 2021-02-12 00:13:50.053 NewRequestPage:76 - customer email entered
[INFO ] 2021-02-12 00:13:50.306 NewRequestPage:81 - Service selcted
[INFO ] 2021-02-12 00:13:50.322 NewRequestPage:83 - Pagescroll done
[INFO ] 2021-02-12 00:13:55.700 NewRequestPage:88 - Vehicle selcted
[INFO ] 2021-02-12 00:13:56.040 NewRequestPage:94 - SubCategory selcted
[INFO ] 2021-02-12 00:13:56.230 NewRequestPage:99 - RportType selcted
[INFO ] 2021-02-12 00:13:56.439 NewRequestPage:104 - CoverageAreaOrCapacity entered
[INFO ] 2021-02-12 00:13:56.686 NewRequestPage:109 - SwabTest selcted
[INFO ] 2021-02-12 00:13:56.932 NewRequestPage:114 - SwabCount entered
[INFO ] 2021-02-12 00:13:56.958 NewRequestPage:119 - Pagescroll done
[INFO ] 2021-02-12 00:13:57.528 NewRequestPage:127 - selectTimeslot1 selcted
[INFO ] 2021-02-12 00:13:58.303 NewRequestPage:138 - selectTimeslot2 selcted
[INFO ] 2021-02-12 00:14:04.505 NewRequestPage:146 - Submit button clicked
[INFO ] 2021-02-12 00:14:09.715 OrderManagementPage:33 - dropdown visible
[INFO ] 2021-02-12 00:14:21.883 OrderManagementPage:36 - Technician id filled
[INFO ] 2021-02-12 00:14:28.404 OrderManagementPage:39 - technician assigned
[INFO ] 2021-02-12 00:21:06.199 TestBase:81 - Application Started
[INFO ] 2021-02-12 00:21:31.988 CommonInitialization:42 - Photo Permission Given
[INFO ] 2021-02-12 00:21:35.994 CommonInitialization:45 - right movemnet done
[INFO ] 2021-02-12 00:21:37.053 CommonInitialization:50 - LETS GET STARTED CLICKED
[INFO ] 2021-02-12 00:21:38.609 CommonInitialization:55 - outer login button CLICKED
[INFO ] 2021-02-12 00:21:40.431 LoginPage:49 - user name entered
[INFO ] 2021-02-12 00:21:41.722 LoginPage:54 - password entered
[INFO ] 2021-02-12 00:22:05.891 TestBase:81 - Application Started
[INFO ] 2021-02-12 00:22:30.050 CommonInitialization:42 - Photo Permission Given
[INFO ] 2021-02-12 00:22:33.033 CommonInitialization:45 - right movemnet done
[INFO ] 2021-02-12 00:22:34.121 CommonInitialization:50 - LETS GET STARTED CLICKED
[INFO ] 2021-02-12 00:22:36.401 CommonInitialization:55 - outer login button CLICKED
[INFO ] 2021-02-12 00:24:00.853 TestBase:81 - Application Started
[INFO ] 2021-02-12 00:26:33.599 TestBase:81 - Application Started
[INFO ] 2021-02-12 00:26:57.557 CommonInitialization:42 - Photo Permission Given
[INFO ] 2021-02-12 00:28:10.774 TestBase:81 - Application Started
[INFO ] 2021-02-12 00:28:35.312 CommonInitialization:42 - Photo Permission Given
[INFO ] 2021-02-12 00:28:38.821 CommonInitialization:45 - right movemnet done
[INFO ] 2021-02-12 00:28:39.433 CommonInitialization:50 - LETS GET STARTED CLICKED
[INFO ] 2021-02-12 00:28:41.786 CommonInitialization:55 - outer login button CLICKED
[INFO ] 2021-02-12 00:36:41.570 EcoAdminLogin:22 - user name entered
[INFO ] 2021-02-12 00:36:41.816 EcoAdminLogin:27 - password entered
[INFO ] 2021-02-12 00:37:24.786 TestBase:81 - Application Started
[INFO ] 2021-02-12 00:37:48.851 CommonInitialization:42 - Photo Permission Given
[INFO ] 2021-02-12 00:38:41.722 TestBase:81 - Application Started
[INFO ] 2021-02-12 00:39:51.722 TestBase:81 - Application Started
[INFO ] 2021-02-12 00:40:14.960 CommonInitialization:42 - Photo Permission Given
[INFO ] 2021-02-12 00:41:57.091 TestBase:81 - Application Started
[INFO ] 2021-02-12 00:42:20.213 CommonInitialization:42 - Photo Permission Given
[INFO ] 2021-02-12 00:42:23.414 CommonInitialization:45 - right movemnet done
[INFO ] 2021-02-12 00:42:24.074 CommonInitialization:50 - LETS GET STARTED CLICKED
[INFO ] 2021-02-12 00:43:02.674 TestBase:81 - Application Started
[INFO ] 2021-02-12 00:43:27.075 CommonInitialization:42 - Photo Permission Given
[INFO ] 2021-02-12 00:43:29.977 CommonInitialization:45 - right movemnet done
[INFO ] 2021-02-12 00:43:30.629 CommonInitialization:50 - LETS GET STARTED CLICKED
[INFO ] 2021-02-12 00:46:07.823 TestBase:81 - Application Started
[INFO ] 2021-02-12 00:46:32.295 CommonInitialization:42 - Photo Permission Given
[INFO ] 2021-02-12 00:46:35.341 CommonInitialization:45 - right movemnet done
[INFO ] 2021-02-12 00:46:36.027 CommonInitialization:50 - LETS GET STARTED CLICKED
[INFO ] 2021-02-12 00:46:37.900 CommonInitialization:55 - outer login button CLICKED
[INFO ] 2021-02-12 00:48:00.398 TestBase:81 - Application Started
[INFO ] 2021-02-12 00:48:25.092 CommonInitialization:42 - Photo Permission Given
[INFO ] 2021-02-12 00:49:05.712 TestBase:81 - Application Started
[INFO ] 2021-02-12 01:14:25.347 TestBase:85 - Application Started
[INFO ] 2021-02-12 01:15:32.423 TestBase:85 - Application Started
[INFO ] 2021-02-12 01:16:08.624 TestBase:85 - Application Started
[INFO ] 2021-02-12 01:17:31.351 TestBase:85 - Application Started
[INFO ] 2021-02-12 01:18:08.819 TestBase:85 - Application Started
[INFO ] 2021-02-12 12:33:53.424 TestBase:85 - Application Started
[INFO ] 2021-02-12 12:34:00.796 EcoAdminLogin:22 - user name entered
[INFO ] 2021-02-12 12:34:01.023 EcoAdminLogin:27 - password entered
[INFO ] 2021-02-12 12:34:14.242 EcoAdminLogin:32 - main login button clicked
[INFO ] 2021-02-12 12:34:14.309 Welcomepage:21 - successful login
[INFO ] 2021-02-12 12:34:21.800 Welcomepage:32 - OrderManagement button clicked
[INFO ] 2021-02-12 12:34:21.963 OrderManagementPage:26 - RaiseNewRequest button clicked
[INFO ] 2021-02-12 12:34:39.244 TestBase:85 - Application Started
[INFO ] 2021-02-12 12:35:25.990 TestBase:85 - Application Started
[INFO ] 2021-02-12 12:35:34.148 EcoAdminLogin:22 - user name entered
[INFO ] 2021-02-12 12:35:34.441 EcoAdminLogin:27 - password entered
[INFO ] 2021-02-12 12:36:11.628 TestBase:85 - Application Started
[INFO ] 2021-02-12 12:37:33.658 TestBase:85 - Application Started
[INFO ] 2021-02-12 12:37:39.705 EcoAdminLogin:22 - user name entered
[INFO ] 2021-02-12 12:37:39.954 EcoAdminLogin:27 - password entered
[INFO ] 2021-02-12 12:37:44.868 EcoAdminLogin:32 - main login button clicked
[INFO ] 2021-02-12 12:37:44.923 Welcomepage:21 - successful login
[INFO ] 2021-02-12 12:37:50.685 Welcomepage:32 - OrderManagement button clicked
[INFO ] 2021-02-12 12:37:51.661 OrderManagementPage:26 - RaiseNewRequest button clicked
[INFO ] 2021-02-12 12:37:52.065 NewRequestPage:51 - Vendor selcted
[INFO ] 2021-02-12 12:37:52.298 NewRequestPage:56 - customername entered
[INFO ] 2021-02-12 12:37:52.593 NewRequestPage:61 - customer address entered
[INFO ] 2021-02-12 12:37:52.841 NewRequestPage:66 - customer Pincode entered
[INFO ] 2021-02-12 12:37:53.108 NewRequestPage:71 - customer phone entered
[INFO ] 2021-02-12 12:37:53.407 NewRequestPage:76 - customer email entered
[INFO ] 2021-02-12 12:37:53.693 NewRequestPage:81 - Service selcted
[INFO ] 2021-02-12 12:37:53.708 NewRequestPage:83 - Pagescroll done
[INFO ] 2021-02-12 12:37:58.963 NewRequestPage:88 - Vehicle selcted
[INFO ] 2021-02-12 12:37:59.357 NewRequestPage:94 - SubCategory selcted
[INFO ] 2021-02-12 12:37:59.546 NewRequestPage:99 - RportType selcted
[INFO ] 2021-02-12 12:37:59.753 NewRequestPage:104 - CoverageAreaOrCapacity entered
[INFO ] 2021-02-12 12:38:00.016 NewRequestPage:109 - SwabTest selcted
[INFO ] 2021-02-12 12:38:00.203 NewRequestPage:114 - SwabCount entered
[INFO ] 2021-02-12 12:38:00.219 NewRequestPage:119 - Pagescroll done
[INFO ] 2021-02-12 12:38:00.707 NewRequestPage:127 - selectTimeslot1 selcted
[INFO ] 2021-02-12 12:38:01.216 NewRequestPage:138 - selectTimeslot2 selcted
[INFO ] 2021-02-12 12:38:07.656 NewRequestPage:146 - Submit button clicked
[INFO ] 2021-02-12 12:38:12.112 OrderManagementPage:33 - dropdown visible
[INFO ] 2021-02-12 12:38:24.284 OrderManagementPage:36 - Technician id filled
[INFO ] 2021-02-12 12:38:30.527 OrderManagementPage:39 - technician assigned
[INFO ] 2021-02-12 12:38:53.444 TestBase:85 - Application Started
[INFO ] 2021-02-12 23:23:05.995 TestBase:85 - Application Started
[INFO ] 2021-02-12 23:23:19.292 EcoAdminLogin:22 - user name entered
[INFO ] 2021-02-12 23:23:19.546 EcoAdminLogin:27 - password entered
[INFO ] 2021-02-12 23:23:26.450 EcoAdminLogin:32 - main login button clicked
[INFO ] 2021-02-12 23:23:26.519 Welcomepage:21 - successful login
[INFO ] 2021-02-12 23:23:31.429 Welcomepage:32 - OrderManagement button clicked
[INFO ] 2021-02-12 23:23:32.306 OrderManagementPage:26 - RaiseNewRequest button clicked
[INFO ] 2021-02-12 23:23:33.018 NewRequestPage:51 - Vendor selcted
[INFO ] 2021-02-12 23:23:33.331 NewRequestPage:56 - customername entered
[INFO ] 2021-02-12 23:23:33.569 NewRequestPage:61 - customer address entered
[INFO ] 2021-02-12 23:23:33.767 NewRequestPage:66 - customer Pincode entered
[INFO ] 2021-02-12 23:23:33.974 NewRequestPage:71 - customer phone entered
[INFO ] 2021-02-12 23:23:34.262 NewRequestPage:76 - customer email entered
[INFO ] 2021-02-12 23:23:34.507 NewRequestPage:81 - Service selcted
[INFO ] 2021-02-12 23:23:34.521 NewRequestPage:83 - Pagescroll done
[INFO ] 2021-02-12 23:23:39.847 NewRequestPage:88 - Vehicle selcted
[INFO ] 2021-02-12 23:23:40.124 NewRequestPage:94 - SubCategory selcted
[INFO ] 2021-02-12 23:23:40.297 NewRequestPage:99 - RportType selcted
[INFO ] 2021-02-12 23:23:40.506 NewRequestPage:104 - CoverageAreaOrCapacity entered
[INFO ] 2021-02-12 23:23:40.778 NewRequestPage:109 - SwabTest selcted
[INFO ] 2021-02-12 23:23:40.989 NewRequestPage:114 - SwabCount entered
[INFO ] 2021-02-12 23:23:41.004 NewRequestPage:119 - Pagescroll done
[INFO ] 2021-02-12 23:23:41.510 NewRequestPage:127 - selectTimeslot1 selcted
[INFO ] 2021-02-12 23:23:42.165 NewRequestPage:138 - selectTimeslot2 selcted
[INFO ] 2021-02-12 23:23:47.081 NewRequestPage:146 - Submit button clicked
[INFO ] 2021-02-12 23:23:52.167 OrderManagementPage:33 - dropdown visible
[INFO ] 2021-02-12 23:24:04.244 OrderManagementPage:36 - Technician id filled
[INFO ] 2021-02-12 23:24:10.792 OrderManagementPage:39 - technician assigned
[INFO ] 2021-02-12 23:24:35.527 TestBase:85 - Application Started
[INFO ] 2021-02-12 23:33:07.082 TestBase:85 - Application Started
[INFO ] 2021-02-12 23:33:16.738 EcoAdminLogin:22 - user name entered
[INFO ] 2021-02-12 23:33:17.009 EcoAdminLogin:27 - password entered
[INFO ] 2021-02-12 23:33:23.402 EcoAdminLogin:32 - main login button clicked
[INFO ] 2021-02-12 23:33:40.747 TestBase:85 - Application Started
